[14:23:42] [info] HAZEL: Hello
[14:23:42] [warning] APP: client hello
[14:23:42] [info] HAZEL: Creating window Hazel Engine (1600, 900)
[14:23:42] [warning] APP: www
[14:23:42] [info] HAZEL: MouseMovedEvent: 736, 276
[14:23:42] [info] HAZEL: MouseMovedEvent: 736, 277
[14:23:42] [info] HAZEL: MouseMovedEvent: 736, 278
[14:23:42] [info] HAZEL: MouseMovedEvent: 736, 280
[14:23:42] [info] HAZEL: MouseMovedEvent: 736, 281
[14:23:42] [info] HAZEL: MouseMovedEvent: 736, 282
[14:23:42] [info] HAZEL: MouseMovedEvent: 737, 285
[14:23:42] [info] HAZEL: MouseMovedEvent: 739, 286
[14:23:42] [info] HAZEL: MouseMovedEvent: 742, 288
[14:23:42] [info] HAZEL: MouseMovedEvent: 747, 293
[14:23:42] [info] HAZEL: MouseMovedEvent: 754, 299
[14:23:42] [info] HAZEL: MouseMovedEvent: 761, 303
[14:23:42] [info] HAZEL: MouseMovedEvent: 767, 309
[14:23:42] [info] HAZEL: MouseMovedEvent: 774, 316
[14:23:42] [info] HAZEL: MouseMovedEvent: 787, 324
[14:23:42] [info] HAZEL: MouseMovedEvent: 791, 329
[14:23:42] [info] HAZEL: MouseMovedEvent: 800, 335
[14:23:43] [info] HAZEL: MouseMovedEvent: 806, 341
[14:23:43] [info] HAZEL: MouseMovedEvent: 809, 344
[14:23:43] [info] HAZEL: MouseMovedEvent: 812, 348
[14:23:43] [info] HAZEL: MouseMovedEvent: 815, 350
[14:23:43] [info] HAZEL: MouseMovedEvent: 817, 352
[14:23:43] [info] HAZEL: MouseMovedEvent: 819, 354
[14:23:43] [info] HAZEL: MouseMovedEvent: 820, 355
[14:23:43] [info] HAZEL: MouseMovedEvent: 811, 349
[14:23:43] [info] HAZEL: MouseMovedEvent: 796, 334
[14:23:43] [info] HAZEL: MouseMovedEvent: 779, 322
[14:23:43] [info] HAZEL: MouseMovedEvent: 768, 309
[14:23:43] [info] HAZEL: MouseMovedEvent: 754, 291
[14:23:43] [info] HAZEL: MouseMovedEvent: 744, 276
[14:23:43] [info] HAZEL: MouseMovedEvent: 736, 260
[14:23:43] [info] HAZEL: MouseMovedEvent: 727, 243
[14:23:43] [info] HAZEL: MouseMovedEvent: 722, 223
[14:23:43] [info] HAZEL: MouseMovedEvent: 721, 209
[14:23:43] [info] HAZEL: MouseMovedEvent: 719, 193
[14:23:43] [info] HAZEL: MouseMovedEvent: 718, 182
[14:23:43] [info] HAZEL: MouseMovedEvent: 716, 172
[14:23:43] [info] HAZEL: MouseMovedEvent: 715, 167
[14:23:43] [info] HAZEL: MouseMovedEvent: 714, 165
[14:23:43] [info] HAZEL: MouseMovedEvent: 714, 162
[14:23:43] [info] HAZEL: MouseMovedEvent: 713, 161
[14:23:43] [info] HAZEL: MouseMovedEvent: 713, 159
[14:23:43] [info] HAZEL: MouseMovedEvent: 712, 157
[14:23:43] [info] HAZEL: MouseMovedEvent: 711, 157
[14:23:43] [info] HAZEL: MouseMovedEvent: 710, 156
[14:23:43] [info] HAZEL: MouseMovedEvent: 707, 153
[14:23:43] [info] HAZEL: MouseMovedEvent: 705, 151
[14:23:43] [info] HAZEL: MouseMovedEvent: 704, 147
[14:23:43] [info] HAZEL: MouseMovedEvent: 702, 144
[14:23:43] [info] HAZEL: MouseMovedEvent: 699, 138
[14:23:43] [info] HAZEL: MouseMovedEvent: 698, 133
[14:23:43] [info] HAZEL: MouseMovedEvent: 697, 126
[14:23:43] [info] HAZEL: MouseMovedEvent: 692, 112
[14:23:43] [info] HAZEL: MouseMovedEvent: 691, 103
[14:23:43] [info] HAZEL: MouseMovedEvent: 687, 89
[14:23:43] [info] HAZEL: MouseMovedEvent: 683, 82
[14:23:43] [info] HAZEL: MouseMovedEvent: 682, 76
[14:23:43] [info] HAZEL: MouseMovedEvent: 681, 71
[14:23:43] [info] HAZEL: MouseMovedEvent: 679, 69
[14:23:43] [info] HAZEL: MouseMovedEvent: 677, 67
[14:23:43] [info] HAZEL: MouseMovedEvent: 676, 66
[14:23:43] [info] HAZEL: MouseMovedEvent: 675, 66
[14:23:43] [info] HAZEL: MouseMovedEvent: 674, 65
[14:23:43] [info] HAZEL: MouseMovedEvent: 673, 65
[14:23:43] [info] HAZEL: MouseMovedEvent: 669, 65
[14:23:43] [info] HAZEL: MouseMovedEvent: 668, 65
[14:23:43] [info] HAZEL: MouseMovedEvent: 665, 64
[14:23:43] [info] HAZEL: MouseMovedEvent: 663, 64
[14:23:43] [info] HAZEL: MouseMovedEvent: 663, 63
[14:23:43] [info] HAZEL: MouseMovedEvent: 661, 63
[14:23:43] [info] HAZEL: MouseMovedEvent: 660, 64
[14:23:43] [info] HAZEL: MouseMovedEvent: 660, 67
[14:23:43] [info] HAZEL: MouseMovedEvent: 661, 72
[14:23:43] [info] HAZEL: MouseMovedEvent: 661, 73
[14:23:43] [info] HAZEL: MouseMovedEvent: 662, 76
[14:23:43] [info] HAZEL: MouseMovedEvent: 663, 78
[14:23:43] [info] HAZEL: MouseMovedEvent: 664, 79
[14:23:43] [info] HAZEL: MouseMovedEvent: 665, 80
[14:23:43] [info] HAZEL: MouseMovedEvent: 666, 81
[14:23:43] [info] HAZEL: MouseMovedEvent: 668, 81
[14:23:43] [info] HAZEL: MouseMovedEvent: 669, 81
[14:23:44] [info] HAZEL: MouseMovedEvent: 674, 81
[14:23:44] [info] HAZEL: MouseMovedEvent: 678, 81
[14:23:44] [info] HAZEL: MouseButtonPressedEvent: 0
[14:23:44] [info] HAZEL: MouseMovedEvent: 680, 81
[14:23:44] [info] HAZEL: MouseMovedEvent: 684, 81
[14:23:44] [info] HAZEL: MouseMovedEvent: 686, 81
[14:23:44] [info] HAZEL: MouseMovedEvent: 688, 81
[14:23:44] [info] HAZEL: MouseMovedEvent: 689, 81
[14:23:44] [info] HAZEL: MouseMovedEvent: 691, 81
[14:23:44] [info] HAZEL: MouseMovedEvent: 694, 81
[14:23:44] [info] HAZEL: MouseMovedEvent: 696, 81
[14:23:44] [info] HAZEL: MouseMovedEvent: 700, 81
[14:23:44] [info] HAZEL: MouseMovedEvent: 705, 81
[14:23:44] [info] HAZEL: MouseMovedEvent: 709, 81
[14:23:44] [info] HAZEL: MouseMovedEvent: 713, 81
[14:23:44] [info] HAZEL: MouseMovedEvent: 717, 81
[14:23:44] [info] HAZEL: MouseMovedEvent: 723, 81
[14:23:44] [info] HAZEL: MouseMovedEvent: 731, 81
[14:23:44] [info] HAZEL: MouseMovedEvent: 737, 81
[14:23:44] [info] HAZEL: MouseMovedEvent: 752, 78
[14:23:44] [info] HAZEL: MouseMovedEvent: 764, 77
[14:23:44] [info] HAZEL: MouseMovedEvent: 776, 74
[14:23:44] [info] HAZEL: MouseMovedEvent: 790, 74
[14:23:44] [info] HAZEL: MouseMovedEvent: 803, 72
[14:23:44] [info] HAZEL: MouseMovedEvent: 813, 71
[14:23:44] [info] HAZEL: MouseMovedEvent: 825, 69
[14:23:44] [info] HAZEL: MouseMovedEvent: 834, 66
[14:23:44] [info] HAZEL: MouseMovedEvent: 844, 66
[14:23:44] [info] HAZEL: MouseMovedEvent: 856, 65
[14:23:44] [info] HAZEL: MouseMovedEvent: 867, 63
[14:23:44] [info] HAZEL: MouseMovedEvent: 879, 62
[14:23:44] [info] HAZEL: MouseMovedEvent: 889, 62
[14:23:44] [info] HAZEL: MouseMovedEvent: 901, 62
[14:23:44] [info] HAZEL: MouseMovedEvent: 909, 62
[14:23:44] [info] HAZEL: MouseMovedEvent: 921, 62
[14:23:44] [info] HAZEL: MouseMovedEvent: 931, 62
[14:23:44] [info] HAZEL: MouseMovedEvent: 945, 62
[14:23:44] [info] HAZEL: MouseMovedEvent: 957, 62
[14:23:44] [info] HAZEL: MouseMovedEvent: 971, 62
[14:23:44] [info] HAZEL: MouseMovedEvent: 983, 62
[14:23:44] [info] HAZEL: MouseMovedEvent: 991, 62
[14:23:44] [info] HAZEL: MouseMovedEvent: 998, 62
[14:23:44] [info] HAZEL: MouseMovedEvent: 1004, 62
[14:23:44] [info] HAZEL: MouseMovedEvent: 1007, 62
[14:23:44] [info] HAZEL: MouseMovedEvent: 1010, 61
[14:23:44] [info] HAZEL: MouseMovedEvent: 1014, 60
[14:23:44] [info] HAZEL: MouseMovedEvent: 1017, 59
[14:23:44] [info] HAZEL: MouseMovedEvent: 1019, 59
[14:23:44] [info] HAZEL: MouseMovedEvent: 1021, 57
[14:23:44] [info] HAZEL: MouseMovedEvent: 1023, 57
[14:23:44] [info] HAZEL: MouseMovedEvent: 1021, 57
[14:23:44] [info] HAZEL: MouseMovedEvent: 1017, 57
[14:23:44] [info] HAZEL: MouseMovedEvent: 1013, 59
[14:23:44] [info] HAZEL: MouseMovedEvent: 1009, 59
[14:23:44] [info] HAZEL: MouseMovedEvent: 1007, 60
[14:23:44] [info] HAZEL: MouseMovedEvent: 1006, 60
[14:23:44] [info] HAZEL: MouseMovedEvent: 1002, 60
[14:23:44] [info] HAZEL: MouseMovedEvent: 999, 60
[14:23:44] [info] HAZEL: MouseMovedEvent: 997, 60
[14:23:44] [info] HAZEL: MouseMovedEvent: 991, 60
[14:23:44] [info] HAZEL: MouseMovedEvent: 985, 61
[14:23:44] [info] HAZEL: MouseMovedEvent: 979, 61
[14:23:44] [info] HAZEL: MouseMovedEvent: 974, 62
[14:23:44] [info] HAZEL: MouseMovedEvent: 969, 65
[14:23:44] [info] HAZEL: MouseMovedEvent: 966, 66
[14:23:44] [info] HAZEL: MouseMovedEvent: 964, 66
[14:23:44] [info] HAZEL: MouseMovedEvent: 963, 67
[14:23:44] [info] HAZEL: MouseButtonReleasedEvent: 0
[14:23:44] [info] HAZEL: MouseMovedEvent: 962, 67
[14:23:44] [info] HAZEL: MouseMovedEvent: 961, 67
[14:23:44] [info] HAZEL: MouseMovedEvent: 960, 67
[14:23:44] [info] HAZEL: MouseMovedEvent: 958, 67
[14:23:44] [info] HAZEL: MouseMovedEvent: 950, 67
[14:23:44] [info] HAZEL: MouseMovedEvent: 932, 68
[14:23:44] [info] HAZEL: MouseMovedEvent: 905, 76
[14:23:44] [info] HAZEL: MouseMovedEvent: 854, 84
[14:23:44] [info] HAZEL: MouseMovedEvent: 781, 84
[14:23:44] [info] HAZEL: MouseMovedEvent: 696, 84
[14:23:44] [info] HAZEL: MouseMovedEvent: 591, 84
[14:23:44] [info] HAZEL: MouseMovedEvent: 485, 84
[14:23:44] [info] HAZEL: MouseMovedEvent: 388, 84
[14:23:44] [info] HAZEL: MouseMovedEvent: 295, 84
[14:23:44] [info] HAZEL: MouseMovedEvent: 226, 84
[14:23:44] [info] HAZEL: MouseMovedEvent: 184, 98
[14:23:44] [info] HAZEL: MouseMovedEvent: 167, 110
[14:23:44] [info] HAZEL: MouseMovedEvent: 162, 133
[14:23:44] [info] HAZEL: MouseMovedEvent: 157, 184
[14:23:44] [info] HAZEL: MouseMovedEvent: 165, 258
[14:23:44] [info] HAZEL: MouseMovedEvent: 188, 332
[14:23:44] [info] HAZEL: MouseMovedEvent: 221, 407
[14:23:44] [info] HAZEL: MouseMovedEvent: 263, 479
[14:23:44] [info] HAZEL: MouseMovedEvent: 310, 526
[14:23:44] [info] HAZEL: MouseMovedEvent: 379, 568
[14:23:44] [info] HAZEL: MouseMovedEvent: 453, 595
[14:23:44] [info] HAZEL: MouseMovedEvent: 524, 606
[14:23:44] [info] HAZEL: MouseMovedEvent: 602, 609
[14:23:44] [info] HAZEL: MouseMovedEvent: 673, 601
[14:23:44] [info] HAZEL: MouseMovedEvent: 739, 572
[14:23:44] [info] HAZEL: MouseMovedEvent: 786, 534
[14:23:44] [info] HAZEL: MouseMovedEvent: 820, 492
[14:23:44] [info] HAZEL: MouseMovedEvent: 836, 432
[14:23:44] [info] HAZEL: MouseMovedEvent: 836, 355
[14:23:44] [info] HAZEL: MouseMovedEvent: 813, 273
[14:23:45] [info] HAZEL: MouseMovedEvent: 766, 182
[14:23:45] [info] HAZEL: MouseMovedEvent: 701, 88
[14:23:45] [info] HAZEL: MouseMovedEvent: 626, 20
[14:23:45] [info] HAZEL: MouseMovedEvent: 306, 1
[14:23:45] [info] HAZEL: MouseMovedEvent: 272, 30
[14:23:45] [info] HAZEL: MouseMovedEvent: 257, 58
[14:23:45] [info] HAZEL: MouseMovedEvent: 257, 86
[14:23:45] [info] HAZEL: MouseMovedEvent: 264, 130
[14:23:45] [info] HAZEL: MouseMovedEvent: 299, 179
[14:23:45] [info] HAZEL: MouseMovedEvent: 351, 230
[14:23:45] [info] HAZEL: MouseMovedEvent: 423, 276
[14:23:45] [info] HAZEL: MouseMovedEvent: 514, 317
[14:23:45] [info] HAZEL: MouseMovedEvent: 607, 338
[14:23:45] [info] HAZEL: MouseMovedEvent: 698, 354
[14:23:45] [info] HAZEL: MouseMovedEvent: 784, 354
[14:23:45] [info] HAZEL: MouseMovedEvent: 863, 343
[14:23:45] [info] HAZEL: MouseMovedEvent: 930, 314
[14:23:45] [info] HAZEL: MouseMovedEvent: 985, 283
[14:23:45] [info] HAZEL: MouseMovedEvent: 1024, 247
[14:23:45] [info] HAZEL: MouseMovedEvent: 1064, 207
[14:23:45] [info] HAZEL: MouseMovedEvent: 1092, 163
[14:23:45] [info] HAZEL: MouseMovedEvent: 1107, 121
[14:23:45] [info] HAZEL: MouseMovedEvent: 1123, 87
[14:23:45] [info] HAZEL: MouseMovedEvent: 1128, 68
[14:23:45] [info] HAZEL: MouseMovedEvent: 1132, 63
[14:23:45] [info] HAZEL: MouseMovedEvent: 1132, 60
[14:23:45] [info] HAZEL: MouseMovedEvent: 1133, 59
[14:23:45] [info] HAZEL: MouseMovedEvent: 1141, 59
[14:23:45] [info] HAZEL: MouseMovedEvent: 1159, 59
[14:23:45] [info] HAZEL: MouseMovedEvent: 1189, 59
[14:23:45] [info] HAZEL: MouseMovedEvent: 1231, 60
[14:23:45] [info] HAZEL: MouseMovedEvent: 1281, 65
[14:23:45] [info] HAZEL: MouseMovedEvent: 1337, 76
[14:23:45] [info] HAZEL: MouseMovedEvent: 1384, 83
[14:23:45] [info] HAZEL: MouseMovedEvent: 1423, 88
[14:23:45] [info] HAZEL: MouseMovedEvent: 1449, 90
[14:23:45] [info] HAZEL: MouseMovedEvent: 1463, 90
[14:23:45] [info] HAZEL: MouseMovedEvent: 1469, 90
[14:23:45] [info] HAZEL: MouseMovedEvent: 1470, 89
[14:23:45] [info] HAZEL: MouseMovedEvent: 1469, 87
[14:23:45] [info] HAZEL: MouseMovedEvent: 1462, 81
[14:23:45] [info] HAZEL: MouseMovedEvent: 1457, 77
[14:23:45] [info] HAZEL: MouseMovedEvent: 1450, 72
[14:23:45] [info] HAZEL: MouseMovedEvent: 1449, 71
[14:23:45] [info] HAZEL: MouseMovedEvent: 1446, 70
[14:23:45] [info] HAZEL: MouseMovedEvent: 1444, 66
[14:23:45] [info] HAZEL: MouseMovedEvent: 1443, 63
[14:23:45] [info] HAZEL: MouseMovedEvent: 1441, 57
[14:23:45] [info] HAZEL: MouseMovedEvent: 1440, 52
[14:23:45] [info] HAZEL: MouseMovedEvent: 1440, 50
[14:23:45] [info] HAZEL: MouseMovedEvent: 1440, 47
[14:23:45] [info] HAZEL: MouseMovedEvent: 1440, 44
[14:23:45] [info] HAZEL: MouseMovedEvent: 1440, 41
[14:23:45] [info] HAZEL: MouseMovedEvent: 1442, 37
[14:23:45] [info] HAZEL: MouseMovedEvent: 1445, 33
[14:23:45] [info] HAZEL: MouseMovedEvent: 1454, 25
[14:23:45] [info] HAZEL: MouseMovedEvent: 1467, 19
[14:23:45] [info] HAZEL: MouseMovedEvent: 1478, 17
[14:23:45] [info] HAZEL: MouseMovedEvent: 1492, 12
[14:23:45] [info] HAZEL: MouseMovedEvent: 1501, 9
[14:23:45] [info] HAZEL: MouseMovedEvent: 1509, 8
[14:23:45] [info] HAZEL: MouseMovedEvent: 1516, 5
[14:23:45] [info] HAZEL: MouseMovedEvent: 1520, 4
[14:23:45] [info] HAZEL: MouseMovedEvent: 1521, 3
[14:23:45] [info] HAZEL: MouseMovedEvent: 1523, 3
[14:23:45] [info] HAZEL: MouseMovedEvent: 1525, 2
[14:23:45] [info] HAZEL: MouseMovedEvent: 1526, 2
[14:23:45] [info] HAZEL: MouseMovedEvent: 1528, 2
[14:23:45] [info] HAZEL: MouseMovedEvent: 1530, 2
[14:23:45] [info] HAZEL: MouseMovedEvent: 1534, 2
[14:23:45] [info] HAZEL: MouseMovedEvent: 1539, 2
[14:23:45] [info] HAZEL: MouseMovedEvent: 1543, 2
[14:23:45] [info] HAZEL: MouseMovedEvent: 1551, 5
[14:23:45] [info] HAZEL: MouseMovedEvent: 1559, 5
[14:23:45] [info] HAZEL: MouseMovedEvent: 1566, 6
[14:23:45] [info] HAZEL: MouseMovedEvent: 1572, 6
[14:23:45] [info] HAZEL: MouseMovedEvent: 1577, 6
[14:23:45] [info] HAZEL: MouseMovedEvent: 1578, 6
[14:23:45] [info] HAZEL: MouseMovedEvent: 1579, 6
[14:23:45] [info] HAZEL: MouseMovedEvent: 1582, 6
[14:23:45] [info] HAZEL: MouseMovedEvent: 1583, 5
[14:23:45] [info] HAZEL: MouseMovedEvent: 1584, 5
[14:23:45] [info] HAZEL: MouseMovedEvent: 1585, 3
[14:23:45] [info] HAZEL: WindowClose
[14:23:45] [warning] APP: www1111111222
