[23:22:43] [info] RPG2D: Hello
[23:22:43] [warning] APP: client hello
[23:22:43] [warning] APP: www
[23:22:43] [info] RPG2D: AudioEngineInitSuccess!
[23:22:43] [info] RPG2D: Creating window RPG2D Engine (1600, 900)
[23:22:44] [info] RPG2D: AudioLoadSuccess!,time=213.133056640625
[23:22:44] [info] APP: random_seed:0.4930663
[23:22:44] [info] APP: random_seed:0.63167655
[23:22:44] [info] APP: random_seed:0.67376757
[23:22:45] [info] APP: random_seed:0.2937068
[23:22:45] [info] RPG2D: contact begin
[23:22:45] [info] RPG2D: contact begin
[23:22:45] [info] RPG2D: contact begin
[23:22:45] [info] APP: random_seed:0.2447219
[23:22:46] [info] APP: random_seed:0.07399804
[23:22:46] [info] APP: random_seed:0.7674897
[23:22:47] [info] APP: random_seed:0.5502237
[23:22:47] [info] APP: random_seed:0.8570146
[23:22:48] [info] APP: random_seed:0.8829735
[23:22:48] [info] APP: random_seed:0.82462025
[23:22:49] [info] APP: random_seed:0.529421
[23:22:49] [info] APP: random_seed:0.17429489
[23:22:50] [info] APP: random_seed:0.20886081
[23:22:50] [info] APP: random_seed:0.61049914
[23:22:51] [info] APP: random_seed:0.7765641
[23:22:51] [info] APP: random_seed:0.27663523
[23:22:52] [info] APP: random_seed:0.7024472
[23:22:52] [info] APP: random_seed:0.3505098
[23:22:53] [info] APP: random_seed:0.15018404
[23:22:53] [info] APP: random_seed:0.53724813
[23:22:54] [info] APP: random_seed:0.07150576
[23:22:54] [info] APP: random_seed:0.27489382
[23:22:55] [info] APP: random_seed:0.8915562
[23:22:55] [info] APP: random_seed:0.4929562
[23:22:56] [info] APP: random_seed:0.3622057
[23:22:56] [info] APP: random_seed:0.5345377
[23:22:57] [info] APP: random_seed:0.63563275
[23:22:57] [info] APP: random_seed:0.50048846
[23:22:58] [info] APP: random_seed:0.27227497
[23:22:58] [info] APP: random_seed:0.86144644
[23:22:59] [info] APP: random_seed:0.91963035
[23:22:59] [info] APP: random_seed:0.41165274
[23:23:00] [info] APP: random_seed:0.91731113
[23:23:00] [info] APP: random_seed:0.19515596
[23:23:01] [info] APP: random_seed:0.8949347
[23:23:01] [info] APP: random_seed:0.5372654
[23:23:02] [info] APP: random_seed:0.34520248
[23:23:02] [info] APP: random_seed:0.5780451
[23:23:03] [info] APP: random_seed:0.82548094
[23:23:03] [info] APP: random_seed:0.012559778
[23:23:04] [info] APP: random_seed:0.10111601
[23:23:04] [info] APP: random_seed:0.67605275
[23:23:05] [info] APP: random_seed:0.05604088
[23:23:05] [info] APP: random_seed:0.0052197203
[23:23:06] [info] APP: random_seed:0.89570117
[23:23:06] [info] APP: random_seed:0.21214817
[23:23:07] [info] APP: random_seed:0.7600251
[23:23:07] [info] APP: random_seed:0.45912945
[23:23:08] [info] APP: random_seed:0.045670953
[23:23:08] [info] APP: random_seed:0.67427063
[23:23:09] [info] APP: random_seed:0.40064725
[23:23:09] [info] APP: random_seed:0.23349564
[23:23:10] [info] APP: random_seed:0.37772343
[23:23:10] [info] APP: random_seed:0.74507
[23:23:11] [info] APP: random_seed:0.7486464
[23:23:11] [info] APP: random_seed:0.45959744
[23:23:12] [info] APP: random_seed:0.5429527
[23:23:12] [info] APP: random_seed:0.26027063
[23:23:13] [info] APP: random_seed:0.081543595
[23:23:13] [info] APP: random_seed:0.08754996
[23:23:14] [info] APP: random_seed:0.65337986
[23:23:14] [info] APP: random_seed:0.9447902
[23:23:15] [info] APP: random_seed:0.42529348
[23:23:15] [info] APP: random_seed:0.3359037
[23:23:16] [info] APP: random_seed:0.2648127
[23:23:16] [info] APP: random_seed:0.029148148
[23:23:17] [info] APP: random_seed:0.4337089
[23:23:17] [info] APP: random_seed:0.094243705
[23:23:18] [info] APP: random_seed:0.48495704
[23:23:18] [info] APP: random_seed:0.2494283
[23:23:19] [info] APP: random_seed:0.11769422
[23:23:19] [info] APP: random_seed:0.92793804
[23:23:20] [info] APP: random_seed:0.9622555
[23:23:20] [info] APP: random_seed:0.005513133
[23:23:20] [warning] APP: www1111111222
